<?xml version="1.0" ?>
<!DOCTYPE coverage SYSTEM "http://cobertura.sourceforge.net/xml/coverage-04.dtd">
<coverage lines-valid="46" lines-covered="46" line-rate="1" branches-valid="35" branches-covered="35" branch-rate="1" timestamp="1560739889758" complexity="0" version="0.1">
  <sources>
    <source>/home/ronj/unito/backoff-decorator</source>
  </sources>
  <packages>
    <class name="backoff.ts" filename="src/backoff.ts" line-rate="1" branch-rate="1">
      <methods>
        <method name="exponentialGenerator" hits="23" signature="()V">
          <lines>
            <line number="21" hits="23"/>
          </lines>
        </method>
        <method name="sleep" hits="6" signature="()V">
          <lines>
            <line number="50" hits="6"/>
          </lines>
        </method>
        <method name="(anonymous_2)" hits="6" signature="()V">
          <lines>
            <line number="51" hits="6"/>
          </lines>
        </method>
        <method name="backoffWith" hits="3" signature="()V">
          <lines>
            <line number="141" hits="3"/>
          </lines>
        </method>
        <method name="(anonymous_5)" hits="3" signature="()V">
          <lines>
            <line number="142" hits="3"/>
          </lines>
        </method>
        <method name="(anonymous_6)" hits="3" signature="()V">
          <lines>
            <line number="149" hits="3"/>
          </lines>
        </method>
        <method name="backoff" hits="2" signature="()V">
          <lines>
            <line number="161" hits="2"/>
          </lines>
        </method>
        <method name="(anonymous_8)" hits="3" signature="()V">
          <lines>
            <line number="168" hits="3"/>
          </lines>
        </method>
      </methods>
      <lines>
        <line number="21" hits="1" branch="false"/>
        <line number="28" hits="23" branch="false"/>
        <line number="30" hits="23" branch="true" condition-coverage="100% (5/5)"/>
        <line number="31" hits="1" branch="false"/>
        <line number="33" hits="23" branch="false"/>
        <line number="34" hits="128" branch="false"/>
        <line number="35" hits="128" branch="true" condition-coverage="100% (2/2)"/>
        <line number="36" hits="128" branch="true" condition-coverage="100% (2/2)"/>
        <line number="37" hits="128" branch="true" condition-coverage="100% (2/2)"/>
        <line number="38" hits="20" branch="false"/>
        <line number="39" hits="108" branch="true" condition-coverage="100% (5/5)"/>
        <line number="40" hits="30" branch="false"/>
        <line number="42" hits="128" branch="false"/>
        <line number="43" hits="105" branch="false"/>
        <line number="51" hits="6" branch="false"/>
        <line number="90" hits="1" branch="false"/>
        <line number="105" hits="11" branch="false"/>
        <line number="107" hits="11" branch="false"/>
        <line number="109" hits="11" branch="false"/>
        <line number="110" hits="17" branch="false"/>
        <line number="111" hits="17" branch="false"/>
        <line number="112" hits="5" branch="true" condition-coverage="100% (4/4)"/>
        <line number="113" hits="2" branch="false"/>
        <line number="115" hits="5" branch="false"/>
        <line number="117" hits="12" branch="false"/>
        <line number="118" hits="12" branch="true" condition-coverage="100% (4/4)"/>
        <line number="119" hits="3" branch="false"/>
        <line number="123" hits="9" branch="false"/>
        <line number="124" hits="9" branch="true" condition-coverage="100% (2/2)"/>
        <line number="127" hits="3" branch="false"/>
        <line number="130" hits="6" branch="true" condition-coverage="100% (4/4)"/>
        <line number="131" hits="4" branch="false"/>
        <line number="133" hits="6" branch="false"/>
        <line number="141" hits="1" branch="false"/>
        <line number="142" hits="3" branch="false"/>
        <line number="147" hits="3" branch="false"/>
        <line number="149" hits="3" branch="false"/>
        <line number="150" hits="3" branch="false"/>
        <line number="153" hits="3" branch="false"/>
        <line number="154" hits="3" branch="false"/>
        <line number="161" hits="1" branch="false"/>
        <line number="166" hits="2" branch="false"/>
        <line number="168" hits="2" branch="false"/>
        <line number="169" hits="3" branch="false"/>
        <line number="172" hits="2" branch="false"/>
        <line number="173" hits="2" branch="false"/>
      </lines>
    </class>
  </packages>
</coverage>
